<?xml version="1.0" encoding="UTF-8"?>
<!-- Generated by org.testng.reporters.JUnitReportReporter -->
<testsuite hostname="DESKTOP-V0C9TJK" failures="0" tests="1" name="test.LoginTest" time="7.965" errors="0" timestamp="2025-05-30T19:24:35 IST" skipped="0">
  <testcase classname="test.LoginTest" name="testValidLogin" time="7.965"/>
</testsuite> <!-- test.LoginTest -->
